The system is: Darwin - 12.2.1 - i386
Compiling the CXX compiler identification source file "CMakeCXXCompilerId.cpp" succeeded.
Compiler: /usr/bin/c++ 
Build flags: 
Id flags: 

The output was:
0


Compilation of the CXX compiler identification source "CMakeCXXCompilerId.cpp" produced "a.out"

The CXX compiler identification is Clang, found in "/Users/joy/Documents/Lib/OpenCV-2.4.3/build/CMakeFiles/2.8.10/CompilerIdCXX/a.out"

Compiling the C compiler identification source file "CMakeCCompilerId.c" succeeded.
Compiler: /usr/bin/cc 
Build flags: 
Id flags: 

The output was:
0


Compilation of the C compiler identification source "CMakeCCompilerId.c" produced "a.out"

The C compiler identification is Clang, found in "/Users/joy/Documents/Lib/OpenCV-2.4.3/build/CMakeFiles/2.8.10/CompilerIdC/a.out"

Determining if the CXX compiler works passed with the following output:
Change Dir: /Users/joy/Documents/Lib/OpenCV-2.4.3/build/CMakeFiles/CMakeTmp

Run Build Command:/usr/bin/make "cmTryCompileExec572940729/fast"
/usr/bin/make -f CMakeFiles/cmTryCompileExec572940729.dir/build.make CMakeFiles/cmTryCompileExec572940729.dir/build
/opt/local/bin/cmake -E cmake_progress_report /Users/joy/Documents/Lib/OpenCV-2.4.3/build/CMakeFiles/CMakeTmp/CMakeFiles 1
Building CXX object CMakeFiles/cmTryCompileExec572940729.dir/testCXXCompiler.cxx.o
/usr/bin/c++     -o CMakeFiles/cmTryCompileExec572940729.dir/testCXXCompiler.cxx.o -c /Users/joy/Documents/Lib/OpenCV-2.4.3/build/CMakeFiles/CMakeTmp/testCXXCompiler.cxx
Linking CXX executable cmTryCompileExec572940729
/opt/local/bin/cmake -E cmake_link_script CMakeFiles/cmTryCompileExec572940729.dir/link.txt --verbose=1
/usr/bin/c++       -Wl,-search_paths_first -Wl,-headerpad_max_install_names   CMakeFiles/cmTryCompileExec572940729.dir/testCXXCompiler.cxx.o  -o cmTryCompileExec572940729  


Detecting CXX compiler ABI info compiled with the following output:
Change Dir: /Users/joy/Documents/Lib/OpenCV-2.4.3/build/CMakeFiles/CMakeTmp

Run Build Command:/usr/bin/make "cmTryCompileExec3374325062/fast"
/usr/bin/make -f CMakeFiles/cmTryCompileExec3374325062.dir/build.make CMakeFiles/cmTryCompileExec3374325062.dir/build
/opt/local/bin/cmake -E cmake_progress_report /Users/joy/Documents/Lib/OpenCV-2.4.3/build/CMakeFiles/CMakeTmp/CMakeFiles 1
Building CXX object CMakeFiles/cmTryCompileExec3374325062.dir/CMakeCXXCompilerABI.cpp.o
/usr/bin/c++     -o CMakeFiles/cmTryCompileExec3374325062.dir/CMakeCXXCompilerABI.cpp.o -c /opt/local/share/cmake-2.8/Modules/CMakeCXXCompilerABI.cpp
Linking CXX executable cmTryCompileExec3374325062
/opt/local/bin/cmake -E cmake_link_script CMakeFiles/cmTryCompileExec3374325062.dir/link.txt --verbose=1
/usr/bin/c++       -Wl,-search_paths_first -Wl,-headerpad_max_install_names -v CMakeFiles/cmTryCompileExec3374325062.dir/CMakeCXXCompilerABI.cpp.o  -o cmTryCompileExec3374325062   
Apple clang version 4.1 (tags/Apple/clang-421.11.66) (based on LLVM 3.1svn)
Target: x86_64-apple-darwin12.2.1
Thread model: posix
 "/usr/bin/ld" -demangle -dynamic -arch x86_64 -macosx_version_min 10.8.0 -o cmTryCompileExec3374325062 -search_paths_first -headerpad_max_install_names CMakeFiles/cmTryCompileExec3374325062.dir/CMakeCXXCompilerABI.cpp.o -lstdc++ -lSystem /usr/bin/../lib/clang/4.1/lib/darwin/libclang_rt.osx.a


Parsed CXX implicit link information from above output:
  link line regex: [^( *|.*[/\])(ld|ld|collect2)[^/\]*( |$)]
  ignore line: [Change Dir: /Users/joy/Documents/Lib/OpenCV-2.4.3/build/CMakeFiles/CMakeTmp]
  ignore line: []
  ignore line: [Run Build Command:/usr/bin/make "cmTryCompileExec3374325062/fast"]
  ignore line: [/usr/bin/make -f CMakeFiles/cmTryCompileExec3374325062.dir/build.make CMakeFiles/cmTryCompileExec3374325062.dir/build]
  ignore line: [/opt/local/bin/cmake -E cmake_progress_report /Users/joy/Documents/Lib/OpenCV-2.4.3/build/CMakeFiles/CMakeTmp/CMakeFiles 1]
  ignore line: [Building CXX object CMakeFiles/cmTryCompileExec3374325062.dir/CMakeCXXCompilerABI.cpp.o]
  ignore line: [/usr/bin/c++     -o CMakeFiles/cmTryCompileExec3374325062.dir/CMakeCXXCompilerABI.cpp.o -c /opt/local/share/cmake-2.8/Modules/CMakeCXXCompilerABI.cpp]
  ignore line: [Linking CXX executable cmTryCompileExec3374325062]
  ignore line: [/opt/local/bin/cmake -E cmake_link_script CMakeFiles/cmTryCompileExec3374325062.dir/link.txt --verbose=1]
  ignore line: [/usr/bin/c++       -Wl,-search_paths_first -Wl,-headerpad_max_install_names -v CMakeFiles/cmTryCompileExec3374325062.dir/CMakeCXXCompilerABI.cpp.o  -o cmTryCompileExec3374325062   ]
  ignore line: [Apple clang version 4.1 (tags/Apple/clang-421.11.66) (based on LLVM 3.1svn)]
  ignore line: [Target: x86_64-apple-darwin12.2.1]
  ignore line: [Thread model: posix]
  link line: [ "/usr/bin/ld" -demangle -dynamic -arch x86_64 -macosx_version_min 10.8.0 -o cmTryCompileExec3374325062 -search_paths_first -headerpad_max_install_names CMakeFiles/cmTryCompileExec3374325062.dir/CMakeCXXCompilerABI.cpp.o -lstdc++ -lSystem /usr/bin/../lib/clang/4.1/lib/darwin/libclang_rt.osx.a]
    arg [/usr/bin/ld] ==> ignore
    arg [-demangle] ==> ignore
    arg [-dynamic] ==> ignore
    arg [-arch] ==> ignore
    arg [x86_64] ==> ignore
    arg [-macosx_version_min] ==> ignore
    arg [10.8.0] ==> ignore
    arg [-o] ==> ignore
    arg [cmTryCompileExec3374325062] ==> ignore
    arg [-search_paths_first] ==> ignore
    arg [-headerpad_max_install_names] ==> ignore
    arg [CMakeFiles/cmTryCompileExec3374325062.dir/CMakeCXXCompilerABI.cpp.o] ==> ignore
    arg [-lstdc++] ==> lib [stdc++]
    arg [-lSystem] ==> lib [System]
    arg [/usr/bin/../lib/clang/4.1/lib/darwin/libclang_rt.osx.a] ==> lib [/usr/bin/../lib/clang/4.1/lib/darwin/libclang_rt.osx.a]
  remove lib [System]
  implicit libs: [stdc++;/usr/bin/../lib/clang/4.1/lib/darwin/libclang_rt.osx.a]
  implicit dirs: []


Determining if the C compiler works passed with the following output:
Change Dir: /Users/joy/Documents/Lib/OpenCV-2.4.3/build/CMakeFiles/CMakeTmp

Run Build Command:/usr/bin/make "cmTryCompileExec2545388074/fast"
/usr/bin/make -f CMakeFiles/cmTryCompileExec2545388074.dir/build.make CMakeFiles/cmTryCompileExec2545388074.dir/build
/opt/local/bin/cmake -E cmake_progress_report /Users/joy/Documents/Lib/OpenCV-2.4.3/build/CMakeFiles/CMakeTmp/CMakeFiles 1
Building C object CMakeFiles/cmTryCompileExec2545388074.dir/testCCompiler.c.o
/usr/bin/cc    -o CMakeFiles/cmTryCompileExec2545388074.dir/testCCompiler.c.o   -c /Users/joy/Documents/Lib/OpenCV-2.4.3/build/CMakeFiles/CMakeTmp/testCCompiler.c
Linking C executable cmTryCompileExec2545388074
/opt/local/bin/cmake -E cmake_link_script CMakeFiles/cmTryCompileExec2545388074.dir/link.txt --verbose=1
/usr/bin/cc      -Wl,-search_paths_first -Wl,-headerpad_max_install_names   CMakeFiles/cmTryCompileExec2545388074.dir/testCCompiler.c.o  -o cmTryCompileExec2545388074  


Detecting C compiler ABI info compiled with the following output:
Change Dir: /Users/joy/Documents/Lib/OpenCV-2.4.3/build/CMakeFiles/CMakeTmp

Run Build Command:/usr/bin/make "cmTryCompileExec3567643985/fast"
/usr/bin/make -f CMakeFiles/cmTryCompileExec3567643985.dir/build.make CMakeFiles/cmTryCompileExec3567643985.dir/build
/opt/local/bin/cmake -E cmake_progress_report /Users/joy/Documents/Lib/OpenCV-2.4.3/build/CMakeFiles/CMakeTmp/CMakeFiles 1
Building C object CMakeFiles/cmTryCompileExec3567643985.dir/CMakeCCompilerABI.c.o
/usr/bin/cc    -o CMakeFiles/cmTryCompileExec3567643985.dir/CMakeCCompilerABI.c.o   -c /opt/local/share/cmake-2.8/Modules/CMakeCCompilerABI.c
Linking C executable cmTryCompileExec3567643985
/opt/local/bin/cmake -E cmake_link_script CMakeFiles/cmTryCompileExec3567643985.dir/link.txt --verbose=1
/usr/bin/cc      -Wl,-search_paths_first -Wl,-headerpad_max_install_names -v CMakeFiles/cmTryCompileExec3567643985.dir/CMakeCCompilerABI.c.o  -o cmTryCompileExec3567643985   
Apple clang version 4.1 (tags/Apple/clang-421.11.66) (based on LLVM 3.1svn)
Target: x86_64-apple-darwin12.2.1
Thread model: posix
 "/usr/bin/ld" -demangle -dynamic -arch x86_64 -macosx_version_min 10.8.0 -o cmTryCompileExec3567643985 -search_paths_first -headerpad_max_install_names CMakeFiles/cmTryCompileExec3567643985.dir/CMakeCCompilerABI.c.o -lSystem /usr/bin/../lib/clang/4.1/lib/darwin/libclang_rt.osx.a


Parsed C implicit link information from above output:
  link line regex: [^( *|.*[/\])(ld|ld|collect2)[^/\]*( |$)]
  ignore line: [Change Dir: /Users/joy/Documents/Lib/OpenCV-2.4.3/build/CMakeFiles/CMakeTmp]
  ignore line: []
  ignore line: [Run Build Command:/usr/bin/make "cmTryCompileExec3567643985/fast"]
  ignore line: [/usr/bin/make -f CMakeFiles/cmTryCompileExec3567643985.dir/build.make CMakeFiles/cmTryCompileExec3567643985.dir/build]
  ignore line: [/opt/local/bin/cmake -E cmake_progress_report /Users/joy/Documents/Lib/OpenCV-2.4.3/build/CMakeFiles/CMakeTmp/CMakeFiles 1]
  ignore line: [Building C object CMakeFiles/cmTryCompileExec3567643985.dir/CMakeCCompilerABI.c.o]
  ignore line: [/usr/bin/cc    -o CMakeFiles/cmTryCompileExec3567643985.dir/CMakeCCompilerABI.c.o   -c /opt/local/share/cmake-2.8/Modules/CMakeCCompilerABI.c]
  ignore line: [Linking C executable cmTryCompileExec3567643985]
  ignore line: [/opt/local/bin/cmake -E cmake_link_script CMakeFiles/cmTryCompileExec3567643985.dir/link.txt --verbose=1]
  ignore line: [/usr/bin/cc      -Wl,-search_paths_first -Wl,-headerpad_max_install_names -v CMakeFiles/cmTryCompileExec3567643985.dir/CMakeCCompilerABI.c.o  -o cmTryCompileExec3567643985   ]
  ignore line: [Apple clang version 4.1 (tags/Apple/clang-421.11.66) (based on LLVM 3.1svn)]
  ignore line: [Target: x86_64-apple-darwin12.2.1]
  ignore line: [Thread model: posix]
  link line: [ "/usr/bin/ld" -demangle -dynamic -arch x86_64 -macosx_version_min 10.8.0 -o cmTryCompileExec3567643985 -search_paths_first -headerpad_max_install_names CMakeFiles/cmTryCompileExec3567643985.dir/CMakeCCompilerABI.c.o -lSystem /usr/bin/../lib/clang/4.1/lib/darwin/libclang_rt.osx.a]
    arg [/usr/bin/ld] ==> ignore
    arg [-demangle] ==> ignore
    arg [-dynamic] ==> ignore
    arg [-arch] ==> ignore
    arg [x86_64] ==> ignore
    arg [-macosx_version_min] ==> ignore
    arg [10.8.0] ==> ignore
    arg [-o] ==> ignore
    arg [cmTryCompileExec3567643985] ==> ignore
    arg [-search_paths_first] ==> ignore
    arg [-headerpad_max_install_names] ==> ignore
    arg [CMakeFiles/cmTryCompileExec3567643985.dir/CMakeCCompilerABI.c.o] ==> ignore
    arg [-lSystem] ==> lib [System]
    arg [/usr/bin/../lib/clang/4.1/lib/darwin/libclang_rt.osx.a] ==> lib [/usr/bin/../lib/clang/4.1/lib/darwin/libclang_rt.osx.a]
  remove lib [System]
  implicit libs: [/usr/bin/../lib/clang/4.1/lib/darwin/libclang_rt.osx.a]
  implicit dirs: []


Determining if the function fseeko exists passed with the following output:
Change Dir: /Users/joy/Documents/Lib/OpenCV-2.4.3/build/CMakeFiles/CMakeTmp

Run Build Command:/usr/bin/make "cmTryCompileExec2859366384/fast"
/usr/bin/make -f CMakeFiles/cmTryCompileExec2859366384.dir/build.make CMakeFiles/cmTryCompileExec2859366384.dir/build
/opt/local/bin/cmake -E cmake_progress_report /Users/joy/Documents/Lib/OpenCV-2.4.3/build/CMakeFiles/CMakeTmp/CMakeFiles 1
Building C object CMakeFiles/cmTryCompileExec2859366384.dir/CheckFunctionExists.c.o
/usr/bin/cc   -DCHECK_FUNCTION_EXISTS=fseeko   -o CMakeFiles/cmTryCompileExec2859366384.dir/CheckFunctionExists.c.o   -c /opt/local/share/cmake-2.8/Modules/CheckFunctionExists.c
Linking C executable cmTryCompileExec2859366384
/opt/local/bin/cmake -E cmake_link_script CMakeFiles/cmTryCompileExec2859366384.dir/link.txt --verbose=1
/usr/bin/cc       -DCHECK_FUNCTION_EXISTS=fseeko -Wl,-search_paths_first -Wl,-headerpad_max_install_names   CMakeFiles/cmTryCompileExec2859366384.dir/CheckFunctionExists.c.o  -o cmTryCompileExec2859366384  


Determining if the include file unistd.h exists passed with the following output:
Change Dir: /Users/joy/Documents/Lib/OpenCV-2.4.3/build/CMakeFiles/CMakeTmp

Run Build Command:/usr/bin/make "cmTryCompileExec2915265658/fast"
/usr/bin/make -f CMakeFiles/cmTryCompileExec2915265658.dir/build.make CMakeFiles/cmTryCompileExec2915265658.dir/build
/opt/local/bin/cmake -E cmake_progress_report /Users/joy/Documents/Lib/OpenCV-2.4.3/build/CMakeFiles/CMakeTmp/CMakeFiles 1
Building C object CMakeFiles/cmTryCompileExec2915265658.dir/CheckIncludeFile.c.o
/usr/bin/cc    -o CMakeFiles/cmTryCompileExec2915265658.dir/CheckIncludeFile.c.o   -c /Users/joy/Documents/Lib/OpenCV-2.4.3/build/CMakeFiles/CMakeTmp/CheckIncludeFile.c
Linking C executable cmTryCompileExec2915265658
/opt/local/bin/cmake -E cmake_link_script CMakeFiles/cmTryCompileExec2915265658.dir/link.txt --verbose=1
/usr/bin/cc        -Wl,-search_paths_first -Wl,-headerpad_max_install_names   CMakeFiles/cmTryCompileExec2915265658.dir/CheckIncludeFile.c.o  -o cmTryCompileExec2915265658  


Determining if the include file sys/types.h exists passed with the following output:
Change Dir: /Users/joy/Documents/Lib/OpenCV-2.4.3/build/CMakeFiles/CMakeTmp

Run Build Command:/usr/bin/make "cmTryCompileExec2826751107/fast"
/usr/bin/make -f CMakeFiles/cmTryCompileExec2826751107.dir/build.make CMakeFiles/cmTryCompileExec2826751107.dir/build
/opt/local/bin/cmake -E cmake_progress_report /Users/joy/Documents/Lib/OpenCV-2.4.3/build/CMakeFiles/CMakeTmp/CMakeFiles 1
Building C object CMakeFiles/cmTryCompileExec2826751107.dir/CheckIncludeFile.c.o
/usr/bin/cc    -o CMakeFiles/cmTryCompileExec2826751107.dir/CheckIncludeFile.c.o   -c /Users/joy/Documents/Lib/OpenCV-2.4.3/build/CMakeFiles/CMakeTmp/CheckIncludeFile.c
Linking C executable cmTryCompileExec2826751107
/opt/local/bin/cmake -E cmake_link_script CMakeFiles/cmTryCompileExec2826751107.dir/link.txt --verbose=1
/usr/bin/cc        -Wl,-search_paths_first -Wl,-headerpad_max_install_names   CMakeFiles/cmTryCompileExec2826751107.dir/CheckIncludeFile.c.o  -o cmTryCompileExec2826751107  


Determining if the include file stdint.h exists passed with the following output:
Change Dir: /Users/joy/Documents/Lib/OpenCV-2.4.3/build/CMakeFiles/CMakeTmp

Run Build Command:/usr/bin/make "cmTryCompileExec2052860880/fast"
/usr/bin/make -f CMakeFiles/cmTryCompileExec2052860880.dir/build.make CMakeFiles/cmTryCompileExec2052860880.dir/build
/opt/local/bin/cmake -E cmake_progress_report /Users/joy/Documents/Lib/OpenCV-2.4.3/build/CMakeFiles/CMakeTmp/CMakeFiles 1
Building C object CMakeFiles/cmTryCompileExec2052860880.dir/CheckIncludeFile.c.o
/usr/bin/cc    -o CMakeFiles/cmTryCompileExec2052860880.dir/CheckIncludeFile.c.o   -c /Users/joy/Documents/Lib/OpenCV-2.4.3/build/CMakeFiles/CMakeTmp/CheckIncludeFile.c
Linking C executable cmTryCompileExec2052860880
/opt/local/bin/cmake -E cmake_link_script CMakeFiles/cmTryCompileExec2052860880.dir/link.txt --verbose=1
/usr/bin/cc        -Wl,-search_paths_first -Wl,-headerpad_max_install_names   CMakeFiles/cmTryCompileExec2052860880.dir/CheckIncludeFile.c.o  -o cmTryCompileExec2052860880  


Determining if the include file stddef.h exists passed with the following output:
Change Dir: /Users/joy/Documents/Lib/OpenCV-2.4.3/build/CMakeFiles/CMakeTmp

Run Build Command:/usr/bin/make "cmTryCompileExec3111035342/fast"
/usr/bin/make -f CMakeFiles/cmTryCompileExec3111035342.dir/build.make CMakeFiles/cmTryCompileExec3111035342.dir/build
/opt/local/bin/cmake -E cmake_progress_report /Users/joy/Documents/Lib/OpenCV-2.4.3/build/CMakeFiles/CMakeTmp/CMakeFiles 1
Building C object CMakeFiles/cmTryCompileExec3111035342.dir/CheckIncludeFile.c.o
/usr/bin/cc    -o CMakeFiles/cmTryCompileExec3111035342.dir/CheckIncludeFile.c.o   -c /Users/joy/Documents/Lib/OpenCV-2.4.3/build/CMakeFiles/CMakeTmp/CheckIncludeFile.c
Linking C executable cmTryCompileExec3111035342
/opt/local/bin/cmake -E cmake_link_script CMakeFiles/cmTryCompileExec3111035342.dir/link.txt --verbose=1
/usr/bin/cc        -Wl,-search_paths_first -Wl,-headerpad_max_install_names   CMakeFiles/cmTryCompileExec3111035342.dir/CheckIncludeFile.c.o  -o cmTryCompileExec3111035342  


Determining if the include file assert.h exists passed with the following output:
Change Dir: /Users/joy/Documents/Lib/OpenCV-2.4.3/build/CMakeFiles/CMakeTmp

Run Build Command:/usr/bin/make "cmTryCompileExec1560685504/fast"
/usr/bin/make -f CMakeFiles/cmTryCompileExec1560685504.dir/build.make CMakeFiles/cmTryCompileExec1560685504.dir/build
/opt/local/bin/cmake -E cmake_progress_report /Users/joy/Documents/Lib/OpenCV-2.4.3/build/CMakeFiles/CMakeTmp/CMakeFiles 1
Building C object CMakeFiles/cmTryCompileExec1560685504.dir/CheckIncludeFile.c.o
/usr/bin/cc    -o CMakeFiles/cmTryCompileExec1560685504.dir/CheckIncludeFile.c.o   -c /Users/joy/Documents/Lib/OpenCV-2.4.3/build/CMakeFiles/CMakeTmp/CheckIncludeFile.c
Linking C executable cmTryCompileExec1560685504
/opt/local/bin/cmake -E cmake_link_script CMakeFiles/cmTryCompileExec1560685504.dir/link.txt --verbose=1
/usr/bin/cc        -Wl,-search_paths_first -Wl,-headerpad_max_install_names   CMakeFiles/cmTryCompileExec1560685504.dir/CheckIncludeFile.c.o  -o cmTryCompileExec1560685504  


Determining if the include file fcntl.h exists passed with the following output:
Change Dir: /Users/joy/Documents/Lib/OpenCV-2.4.3/build/CMakeFiles/CMakeTmp

Run Build Command:/usr/bin/make "cmTryCompileExec2798607930/fast"
/usr/bin/make -f CMakeFiles/cmTryCompileExec2798607930.dir/build.make CMakeFiles/cmTryCompileExec2798607930.dir/build
/opt/local/bin/cmake -E cmake_progress_report /Users/joy/Documents/Lib/OpenCV-2.4.3/build/CMakeFiles/CMakeTmp/CMakeFiles 1
Building C object CMakeFiles/cmTryCompileExec2798607930.dir/CheckIncludeFile.c.o
/usr/bin/cc    -o CMakeFiles/cmTryCompileExec2798607930.dir/CheckIncludeFile.c.o   -c /Users/joy/Documents/Lib/OpenCV-2.4.3/build/CMakeFiles/CMakeTmp/CheckIncludeFile.c
Linking C executable cmTryCompileExec2798607930
/opt/local/bin/cmake -E cmake_link_script CMakeFiles/cmTryCompileExec2798607930.dir/link.txt --verbose=1
/usr/bin/cc        -Wl,-search_paths_first -Wl,-headerpad_max_install_names   CMakeFiles/cmTryCompileExec2798607930.dir/CheckIncludeFile.c.o  -o cmTryCompileExec2798607930  


Determining if the function mmap exists passed with the following output:
Change Dir: /Users/joy/Documents/Lib/OpenCV-2.4.3/build/CMakeFiles/CMakeTmp

Run Build Command:/usr/bin/make "cmTryCompileExec2672031098/fast"
/usr/bin/make -f CMakeFiles/cmTryCompileExec2672031098.dir/build.make CMakeFiles/cmTryCompileExec2672031098.dir/build
/opt/local/bin/cmake -E cmake_progress_report /Users/joy/Documents/Lib/OpenCV-2.4.3/build/CMakeFiles/CMakeTmp/CMakeFiles 1
Building C object CMakeFiles/cmTryCompileExec2672031098.dir/CheckFunctionExists.c.o
/usr/bin/cc   -DCHECK_FUNCTION_EXISTS=mmap   -o CMakeFiles/cmTryCompileExec2672031098.dir/CheckFunctionExists.c.o   -c /opt/local/share/cmake-2.8/Modules/CheckFunctionExists.c
Linking C executable cmTryCompileExec2672031098
/opt/local/bin/cmake -E cmake_link_script CMakeFiles/cmTryCompileExec2672031098.dir/link.txt --verbose=1
/usr/bin/cc       -DCHECK_FUNCTION_EXISTS=mmap -Wl,-search_paths_first -Wl,-headerpad_max_install_names   CMakeFiles/cmTryCompileExec2672031098.dir/CheckFunctionExists.c.o  -o cmTryCompileExec2672031098  


Determining if the include file search.h exists passed with the following output:
Change Dir: /Users/joy/Documents/Lib/OpenCV-2.4.3/build/CMakeFiles/CMakeTmp

Run Build Command:/usr/bin/make "cmTryCompileExec2367208163/fast"
/usr/bin/make -f CMakeFiles/cmTryCompileExec2367208163.dir/build.make CMakeFiles/cmTryCompileExec2367208163.dir/build
/opt/local/bin/cmake -E cmake_progress_report /Users/joy/Documents/Lib/OpenCV-2.4.3/build/CMakeFiles/CMakeTmp/CMakeFiles 1
Building C object CMakeFiles/cmTryCompileExec2367208163.dir/CheckIncludeFile.c.o
/usr/bin/cc    -o CMakeFiles/cmTryCompileExec2367208163.dir/CheckIncludeFile.c.o   -c /Users/joy/Documents/Lib/OpenCV-2.4.3/build/CMakeFiles/CMakeTmp/CheckIncludeFile.c
Linking C executable cmTryCompileExec2367208163
/opt/local/bin/cmake -E cmake_link_script CMakeFiles/cmTryCompileExec2367208163.dir/link.txt --verbose=1
/usr/bin/cc        -Wl,-search_paths_first -Wl,-headerpad_max_install_names   CMakeFiles/cmTryCompileExec2367208163.dir/CheckIncludeFile.c.o  -o cmTryCompileExec2367208163  


Determining if the include file string.h exists passed with the following output:
Change Dir: /Users/joy/Documents/Lib/OpenCV-2.4.3/build/CMakeFiles/CMakeTmp

Run Build Command:/usr/bin/make "cmTryCompileExec1293476138/fast"
/usr/bin/make -f CMakeFiles/cmTryCompileExec1293476138.dir/build.make CMakeFiles/cmTryCompileExec1293476138.dir/build
/opt/local/bin/cmake -E cmake_progress_report /Users/joy/Documents/Lib/OpenCV-2.4.3/build/CMakeFiles/CMakeTmp/CMakeFiles 1
Building C object CMakeFiles/cmTryCompileExec1293476138.dir/CheckIncludeFile.c.o
/usr/bin/cc    -o CMakeFiles/cmTryCompileExec1293476138.dir/CheckIncludeFile.c.o   -c /Users/joy/Documents/Lib/OpenCV-2.4.3/build/CMakeFiles/CMakeTmp/CheckIncludeFile.c
Linking C executable cmTryCompileExec1293476138
/opt/local/bin/cmake -E cmake_link_script CMakeFiles/cmTryCompileExec1293476138.dir/link.txt --verbose=1
/usr/bin/cc        -Wl,-search_paths_first -Wl,-headerpad_max_install_names   CMakeFiles/cmTryCompileExec1293476138.dir/CheckIncludeFile.c.o  -o cmTryCompileExec1293476138  


Determining if the include file unistd.h exists passed with the following output:
Change Dir: /Users/joy/Documents/Lib/OpenCV-2.4.3/build/CMakeFiles/CMakeTmp

Run Build Command:/usr/bin/make "cmTryCompileExec2296894706/fast"
/usr/bin/make -f CMakeFiles/cmTryCompileExec2296894706.dir/build.make CMakeFiles/cmTryCompileExec2296894706.dir/build
/opt/local/bin/cmake -E cmake_progress_report /Users/joy/Documents/Lib/OpenCV-2.4.3/build/CMakeFiles/CMakeTmp/CMakeFiles 1
Building C object CMakeFiles/cmTryCompileExec2296894706.dir/CheckIncludeFile.c.o
/usr/bin/cc    -o CMakeFiles/cmTryCompileExec2296894706.dir/CheckIncludeFile.c.o   -c /Users/joy/Documents/Lib/OpenCV-2.4.3/build/CMakeFiles/CMakeTmp/CheckIncludeFile.c
Linking C executable cmTryCompileExec2296894706
/opt/local/bin/cmake -E cmake_link_script CMakeFiles/cmTryCompileExec2296894706.dir/link.txt --verbose=1
/usr/bin/cc        -Wl,-search_paths_first -Wl,-headerpad_max_install_names   CMakeFiles/cmTryCompileExec2296894706.dir/CheckIncludeFile.c.o  -o cmTryCompileExec2296894706  


Determining if the include file semaphore.h exists passed with the following output:
Change Dir: /Users/joy/Documents/Lib/OpenCV-2.4.3/build/CMakeFiles/CMakeTmp

Run Build Command:/usr/bin/make "cmTryCompileExec2720870395/fast"
/usr/bin/make -f CMakeFiles/cmTryCompileExec2720870395.dir/build.make CMakeFiles/cmTryCompileExec2720870395.dir/build
/opt/local/bin/cmake -E cmake_progress_report /Users/joy/Documents/Lib/OpenCV-2.4.3/build/CMakeFiles/CMakeTmp/CMakeFiles 1
Building C object CMakeFiles/cmTryCompileExec2720870395.dir/CheckIncludeFile.c.o
/usr/bin/cc    -o CMakeFiles/cmTryCompileExec2720870395.dir/CheckIncludeFile.c.o   -c /Users/joy/Documents/Lib/OpenCV-2.4.3/build/CMakeFiles/CMakeTmp/CheckIncludeFile.c
Linking C executable cmTryCompileExec2720870395
/opt/local/bin/cmake -E cmake_link_script CMakeFiles/cmTryCompileExec2720870395.dir/link.txt --verbose=1
/usr/bin/cc        -Wl,-search_paths_first -Wl,-headerpad_max_install_names   CMakeFiles/cmTryCompileExec2720870395.dir/CheckIncludeFile.c.o  -o cmTryCompileExec2720870395  


